<?xml version="1.0" encoding="UTF-8"?>
<!-- Generated by org.testng.reporters.JUnitReportReporter -->
<testsuite skipped="0" hostname="DESKTOP-1T52TO7" name="testCases.Test1" tests="1" failures="0" timestamp="24 Aug 2020 22:46:13 GMT" time="20.991" errors="0">
  <testcase name="init" time="20.991" classname="testCases.Test1"/>
</testsuite> <!-- testCases.Test1 -->
