<?xml version="1.0" encoding="UTF-8"?>
<!-- Generated by org.testng.reporters.JUnitReportReporter -->
<testsuite skipped="0" hostname="DESKTOP-1T52TO7" name="testCases.LoginTest" tests="1" failures="0" timestamp="31 Aug 2020 00:11:38 GMT" time="17.339" errors="0">
  <testcase name="seConnecter" time="17.339" classname="testCases.LoginTest"/>
</testsuite> <!-- testCases.LoginTest -->
